#
# A fatal error has been detected by the Java Runtime Environment:
#
#  Internal Error (classFileParser.cpp:3494), pid=8956, tid=8260
#  Error: ShouldNotReachHere()
#
# JRE version: 6.0_38-b05
# Java VM: Java HotSpot(TM) Client VM (20.13-b02 mixed mode windows-x86 )
# If you would like to submit a bug report, please visit:
#   http://java.sun.com/webapps/bugreport/crash.jsp
#

---------------  T H R E A D  ---------------

Current thread (0x01c37400):  JavaThread "Unknown thread" [_thread_in_vm, id=8260, stack(0x003b0000,0x00400000)]

Stack: [0x003b0000,0x00400000],  sp=0x003ff86c,  free space=318k
Native frames: (J=compiled Java code, j=interpreted, Vv=VM code, C=native code)
V  [jvm.dll+0x1348ea]
V  [jvm.dll+0x12f3db]
V  [jvm.dll+0x1676e]
V  [jvm.dll+0x17faf]
V  [jvm.dll+0x27565]
V  [jvm.dll+0x27da6]
V  [jvm.dll+0x28155]
V  [jvm.dll+0x281e9]
V  [jvm.dll+0x282ac]
V  [jvm.dll+0x2832a]
V  [jvm.dll+0x2840d]
V  [jvm.dll+0x286d9]
V  [jvm.dll+0x6cdb3]
V  [jvm.dll+0x6d18c]
V  [jvm.dll+0xfa77c]
V  [jvm.dll+0x1190cb]
V  [jvm.dll+0x9f4c0]
C  [javaw.exe+0x1657]
C  [javaw.exe+0x1e2c]
C  [javaw.exe+0x8614]
C  [kernel32.dll+0x133aa]  BaseThreadInitThunk+0x12
C  [ntdll.dll+0x39ef2]  RtlInitializeExceptionChain+0x63
C  [ntdll.dll+0x39ec5]  RtlInitializeExceptionChain+0x36


---------------  P R O C E S S  ---------------

Java Threads: ( => current thread )

Other Threads:

=>0x01c37400 (exited) JavaThread "Unknown thread" [_thread_in_vm, id=8260, stack(0x003b0000,0x00400000)]

VM state:not at safepoint (not fully initialized)

VM Mutex/Monitor currently owned by a thread: None

Dynamic libraries:
0x00400000 - 0x00425000 	C:\Program Files (x86)\Java\jre6\bin\javaw.exe
0x77ce0000 - 0x77e60000 	C:\Windows\SysWOW64\ntdll.dll
0x77170000 - 0x77280000 	C:\Windows\syswow64\kernel32.dll
0x76180000 - 0x761c7000 	C:\Windows\syswow64\KERNELBASE.dll
0x75690000 - 0x75730000 	C:\Windows\syswow64\ADVAPI32.dll
0x75fd0000 - 0x7607c000 	C:\Windows\syswow64\msvcrt.dll
0x76e60000 - 0x76e79000 	C:\Windows\SysWOW64\sechost.dll
0x75400000 - 0x754f0000 	C:\Windows\syswow64\RPCRT4.dll
0x74f30000 - 0x74f90000 	C:\Windows\syswow64\SspiCli.dll
0x74f20000 - 0x74f2c000 	C:\Windows\syswow64\CRYPTBASE.dll
0x76080000 - 0x76180000 	C:\Windows\syswow64\USER32.dll
0x76fc0000 - 0x77050000 	C:\Windows\syswow64\GDI32.dll
0x75360000 - 0x7536a000 	C:\Windows\syswow64\LPK.dll
0x75e30000 - 0x75ecd000 	C:\Windows\syswow64\USP10.dll
0x751e0000 - 0x75240000 	C:\Windows\system32\IMM32.DLL
0x75ed0000 - 0x75f9c000 	C:\Windows\syswow64\MSCTF.dll
0x72780000 - 0x727b8000 	C:\Windows\SysWOW64\nvinit.dll
0x7c340000 - 0x7c396000 	C:\Program Files (x86)\Java\jre6\bin\msvcr71.dll
0x6d7f0000 - 0x6daa0000 	C:\Program Files (x86)\Java\jre6\bin\client\jvm.dll
0x770b0000 - 0x770e2000 	C:\Windows\syswow64\WINMM.dll
0x72690000 - 0x726dc000 	C:\Windows\system32\apphelp.dll
0x6d7a0000 - 0x6d7ac000 	C:\Program Files (x86)\Java\jre6\bin\verify.dll
0x6d320000 - 0x6d33f000 	C:\Program Files (x86)\Java\jre6\bin\java.dll
0x6d7e0000 - 0x6d7ef000 	C:\Program Files (x86)\Java\jre6\bin\zip.dll
0x75e20000 - 0x75e25000 	C:\Windows\system32\PSAPI.DLL

VM Arguments:
jvm_args: -Dfile.encoding=UTF-8 -Xbootclasspath:D:\Android\android-sdk\platforms\android-10\android.jar 
java_command: com.kevin.addressBook.tools.ConvertToXml
Launcher Type: SUN_STANDARD

Environment Variables:
JAVA_HOME=D:\Program Files (x86)\Java\jdk1.6.0_29
CLASSPATH=.;D:\Program Files (x86)\Java\jdk1.6.0_29\lib
PATH=C:/Program Files (x86)/Java/jre6/bin/client;C:/Program Files (x86)/Java/jre6/bin;C:/Program Files (x86)/Java/jre6/lib/i386;C:\Program Files (x86)\Intel\iCLS Client\;C:\Program Files\Intel\iCLS Client\;C:\Program Files\Broadcom\Broadcom 802.11 Network Adapter\Driver;;C:\Windows\system32;C:\Windows;C:\Windows\System32\Wbem;C:\Windows\System32\WindowsPowerShell\v1.0\;C:\Program Files (x86)\Intel\OpenCL SDK\2.0\bin\x86;C:\Program Files (x86)\Intel\OpenCL SDK\2.0\bin\x64;D:\Program Files (x86)\Microsoft SQL Server\100\Tools\Binn\;D:\Program Files\Microsoft SQL Server\100\Tools\Binn\;D:\Program Files\Microsoft SQL Server\100\DTS\Binn\;D:\Program Files (x86)\Microsoft SQL Server\100\Tools\Binn\VSShell\Common7\IDE\;D:\Program Files (x86)\Microsoft SQL Server\100\DTS\Binn\;C:\Program Files (x86)\Microsoft Visual Studio 9.0\Common7\IDE\PrivateAssemblies\;D:\Program Files (x86)\Microsoft SQL Server\90\Tools\binn\;D:\Program Files\WIDCOMM\Bluetooth Software\;D:\Program Files\WIDCOMM\Bluetooth Software\syswow64;D:\Program Files\TortoiseSVN\bin;D:\Program Files (x86)\Java\jdk1.6.0_29\bin;C:\Program Files\Intel\Intel(R) Management Engine Components\DAL;C:\Program Files\Intel\Intel(R) Management Engine Components\IPT;C:\Program Files (x86)\Intel\Intel(R) Management Engine Components\DAL;C:\Program Files (x86)\Intel\Intel(R) Management Engine Components\IPT;D:\Program Files (x86)\eclipse;
USERNAME=Administrator
OS=Windows_NT
PROCESSOR_IDENTIFIER=Intel64 Family 6 Model 58 Stepping 9, GenuineIntel



---------------  S Y S T E M  ---------------

OS: Windows 7 , 64 bit Build 7601 Service Pack 1

CPU:total 2 (2 cores per cpu, 2 threads per core) family 6 model 58 stepping 9, cmov, cx8, fxsr, mmx, sse, sse2, sse3, ssse3, sse4.1, sse4.2, popcnt, ht

Memory: 4k page, physical 3778536k(971092k free), swap 7555216k(3518940k free)

vm_info: Java HotSpot(TM) Client VM (20.13-b02) for windows-x86 JRE (1.6.0_38-b05), built on Nov 14 2012 01:54:26 by "java_re" with MS VC++ 7.1 (VS2003)

time: Tue Apr 02 15:22:43 2013
elapsed time: 0 seconds

